black_sequoia\bs-admin
black_sequoia\bs-admin.php
black_sequoia\dist\apache2\apache2.conf
black_sequoia\dist\apache2\envvars
black_sequoia\dist\apache2\magic
black_sequoia\dist\apache2\ports.conf
black_sequoia\dist\apache2\mods\alias.conf
black_sequoia\dist\apache2\mods\alias.load
black_sequoia\dist\apache2\mods\authn_file.load
black_sequoia\dist\apache2\mods\authz_default.load
black_sequoia\dist\apache2\mods\authz_groupfile.load
black_sequoia\dist\apache2\mods\authz_host.load
black_sequoia\dist\apache2\mods\authz_user.load
black_sequoia\dist\apache2\mods\auth_basic.load
black_sequoia\dist\apache2\mods\autoindex.conf
black_sequoia\dist\apache2\mods\autoindex.load
black_sequoia\dist\apache2\mods\cgid.conf
black_sequoia\dist\apache2\mods\cgid.load
black_sequoia\dist\apache2\mods\dav.load
black_sequoia\dist\apache2\mods\dav_svn.conf
black_sequoia\dist\apache2\mods\dav_svn.load
black_sequoia\dist\apache2\mods\deflate.conf
black_sequoia\dist\apache2\mods\deflate.load
black_sequoia\dist\apache2\mods\dir.conf
black_sequoia\dist\apache2\mods\dir.load
black_sequoia\dist\apache2\mods\env.load
black_sequoia\dist\apache2\mods\mime.conf
black_sequoia\dist\apache2\mods\mime.load
black_sequoia\dist\apache2\mods\negotiation.conf
black_sequoia\dist\apache2\mods\negotiation.load
black_sequoia\dist\apache2\mods\reqtimeout.conf
black_sequoia\dist\apache2\mods\reqtimeout.load
black_sequoia\dist\apache2\mods\setenvif.conf
black_sequoia\dist\apache2\mods\setenvif.load
black_sequoia\dist\apache2\mods\status.conf
black_sequoia\dist\apache2\mods\status.load
black_sequoia\dist\apt\sources.list
black_sequoia\dist\nginx\nginx-reload.sh
black_sequoia\dist\nginx\nginx-restart.sh
black_sequoia\dist\nginx\nginx-start.sh
black_sequoia\dist\nginx\nginx-stop.sh
black_sequoia\dist\nginx\nginx.conf
black_sequoia\dist\nginx\nginx.sh
black_sequoia\dist\php5-daemon\phpdaemon.ini
black_sequoia\dist\php5-fcgi\nginx-template-php
black_sequoia\dist\php5-fcgi\php5-fcgi.sh
black_sequoia\dist\trac\nginx-template-trac
black_sequoia\dist\trac\nginx-tracfcgi.conf
black_sequoia\dist\trac\trac-fcgi
black_sequoia\dist\trac\trac-fcgi.py
black_sequoia\dist\trac\trac-fcgi.sh
black_sequoia\installer\bs.pkg.sh
black_sequoia\installer\install.sh
black_sequoia\installer\php_check.php
black_sequoia\libs\bs.aws.route53.php
black_sequoia\libs\bs.aws.s3.php
black_sequoia\libs\bs.common.php
black_sequoia\libs\iridium.sql.lib.php
black_sequoia\services\bs.admin_tools.php
black_sequoia\services\bs.basic_platform.php
black_sequoia\services\bs.nginx.php
black_sequoia\services\bs.percona_mysql.php
black_sequoia\services\bs.php5-fcgi.php
black_sequoia\services\bs.phpDaemon.php
black_sequoia\services\bs.svn.php
black_sequoia\services\bs.trac.php
Скопировано файлов: 66.
bin\bs.zip
Скопировано файлов: 1.
